<?xml version="1.0" encoding="UTF-8"?>
<robot generator="Robot 5.0 (Python 3.10.4 on win32)" generated="20220914 10:46:06.393" rpa="false" schemaversion="3">
<suite id="s1" name="Test" source="D:\flipkart1\Test.robot">
<test id="s1-t1" name="Working on flipkart" line="7">
<kw name="Open Flipkart" library="keywords">
<arg>${flip}</arg>
<kw name="Open Browser" library="SeleniumLibrary">
<arg>${url}</arg>
<arg>gc</arg>
<doc>Opens a new browser instance to the optional ``url``.</doc>
<msg timestamp="20220914 10:46:06.723" level="INFO">Opening browser 'gc' to base url 'https://www.flipkart.com/'.</msg>
<status status="PASS" starttime="20220914 10:46:06.723" endtime="20220914 10:46:12.683"/>
</kw>
<kw name="Maximize Browser Window" library="SeleniumLibrary">
<doc>Maximizes current browser window.</doc>
<status status="PASS" starttime="20220914 10:46:12.683" endtime="20220914 10:46:12.838"/>
</kw>
<kw name="Click Element" library="SeleniumLibrary">
<arg>${close_button}</arg>
<doc>Click the element identified by ``locator``.</doc>
<msg timestamp="20220914 10:46:12.840" level="INFO">Clicking element 'xpath=//*[@class ="_2KpZ6l _2doB4z"]'.</msg>
<status status="PASS" starttime="20220914 10:46:12.838" endtime="20220914 10:46:13.053"/>
</kw>
<kw name="Sleep" library="BuiltIn">
<arg>5s</arg>
<doc>Pauses the test executed for the given time.</doc>
<msg timestamp="20220914 10:46:18.053" level="INFO">Slept 5 seconds</msg>
<status status="PASS" starttime="20220914 10:46:13.053" endtime="20220914 10:46:18.053"/>
</kw>
<status status="PASS" starttime="20220914 10:46:06.723" endtime="20220914 10:46:18.053"/>
</kw>
<kw name="Go to ‘Electronics’ tab" library="keywords">
<kw name="Mouse Over" library="SeleniumLibrary">
<arg>${electronics}</arg>
<doc>Simulates hovering the mouse over the element ``locator``.</doc>
<msg timestamp="20220914 10:46:18.054" level="INFO">Simulating Mouse Over on element 'xpath=//*[@id="container"]/div/div[2]/div/div/div[5]/a/div[2]'.</msg>
<status status="PASS" starttime="20220914 10:46:18.054" endtime="20220914 10:46:18.353"/>
</kw>
<status status="PASS" starttime="20220914 10:46:18.054" endtime="20220914 10:46:18.353"/>
</kw>
<kw name="Search for any of your desired Mobile from ‘Mobiles’ section" library="keywords">
<kw name="Get Element Count" library="SeleniumLibrary">
<var>${audio}</var>
<arg>xpath=//*[@class="_3XS_gI _7qr1OC"]/a</arg>
<doc>Returns the number of elements matching ``locator``.</doc>
<msg timestamp="20220914 10:46:18.378" level="INFO">${audio} = 14</msg>
<status status="PASS" starttime="20220914 10:46:18.354" endtime="20220914 10:46:18.378"/>
</kw>
<kw name="Log To Console" library="BuiltIn">
<arg>${audio}</arg>
<doc>Logs the given message to the console.</doc>
<status status="PASS" starttime="20220914 10:46:18.378" endtime="20220914 10:46:18.379"/>
</kw>
<kw name="Sleep" library="BuiltIn">
<arg>3s</arg>
<doc>Pauses the test executed for the given time.</doc>
<msg timestamp="20220914 10:46:21.381" level="INFO">Slept 3 seconds</msg>
<status status="PASS" starttime="20220914 10:46:18.379" endtime="20220914 10:46:21.381"/>
</kw>
<for flavor="IN RANGE">
<var>${i}</var>
<value>1</value>
<value>${audio}</value>
<iter>
<var name="${i}">1</var>
<kw name="Get Text" library="SeleniumLibrary">
<var>${list_names}</var>
<arg>xpath=//*[@class="_3XS_gI _7qr1OC"]/a[${i}]</arg>
<doc>Returns the text value of the element identified by ``locator``.</doc>
<msg timestamp="20220914 10:46:21.422" level="INFO">${list_names} = Audio</msg>
<status status="PASS" starttime="20220914 10:46:21.383" endtime="20220914 10:46:21.422"/>
</kw>
<kw name="Scroll Element Into View" library="SeleniumLibrary">
<arg>xpath=//*[@class="_3XS_gI _7qr1OC"]/a[14]</arg>
<doc>Scrolls the element identified by ``locator`` into view.</doc>
<status status="PASS" starttime="20220914 10:46:21.422" endtime="20220914 10:46:21.713"/>
</kw>
<kw name="Log To Console" library="BuiltIn">
<arg>${list_names}</arg>
<doc>Logs the given message to the console.</doc>
<status status="PASS" starttime="20220914 10:46:21.713" endtime="20220914 10:46:21.713"/>
</kw>
<kw name="Exit For Loop If" library="BuiltIn">
<arg>"${list_names}" == "${tablet}"</arg>
<doc>Stops executing the enclosing FOR loop if the ``condition`` is true.</doc>
<status status="PASS" starttime="20220914 10:46:21.714" endtime="20220914 10:46:21.714"/>
</kw>
<status status="PASS" starttime="20220914 10:46:21.382" endtime="20220914 10:46:21.714"/>
</iter>
<iter>
<var name="${i}">2</var>
<kw name="Get Text" library="SeleniumLibrary">
<var>${list_names}</var>
<arg>xpath=//*[@class="_3XS_gI _7qr1OC"]/a[${i}]</arg>
<doc>Returns the text value of the element identified by ``locator``.</doc>
<msg timestamp="20220914 10:46:21.746" level="INFO">${list_names} = Electronics GST Store</msg>
<status status="PASS" starttime="20220914 10:46:21.715" endtime="20220914 10:46:21.746"/>
</kw>
<kw name="Scroll Element Into View" library="SeleniumLibrary">
<arg>xpath=//*[@class="_3XS_gI _7qr1OC"]/a[14]</arg>
<doc>Scrolls the element identified by ``locator`` into view.</doc>
<status status="PASS" starttime="20220914 10:46:21.746" endtime="20220914 10:46:22.025"/>
</kw>
<kw name="Log To Console" library="BuiltIn">
<arg>${list_names}</arg>
<doc>Logs the given message to the console.</doc>
<status status="PASS" starttime="20220914 10:46:22.026" endtime="20220914 10:46:22.027"/>
</kw>
<kw name="Exit For Loop If" library="BuiltIn">
<arg>"${list_names}" == "${tablet}"</arg>
<doc>Stops executing the enclosing FOR loop if the ``condition`` is true.</doc>
<status status="PASS" starttime="20220914 10:46:22.027" endtime="20220914 10:46:22.028"/>
</kw>
<status status="PASS" starttime="20220914 10:46:21.714" endtime="20220914 10:46:22.029"/>
</iter>
<iter>
<var name="${i}">3</var>
<kw name="Get Text" library="SeleniumLibrary">
<var>${list_names}</var>
<arg>xpath=//*[@class="_3XS_gI _7qr1OC"]/a[${i}]</arg>
<doc>Returns the text value of the element identified by ``locator``.</doc>
<msg timestamp="20220914 10:46:22.065" level="INFO">${list_names} = Cameras &amp; Accessories</msg>
<status status="PASS" starttime="20220914 10:46:22.029" endtime="20220914 10:46:22.065"/>
</kw>
<kw name="Scroll Element Into View" library="SeleniumLibrary">
<arg>xpath=//*[@class="_3XS_gI _7qr1OC"]/a[14]</arg>
<doc>Scrolls the element identified by ``locator`` into view.</doc>
<status status="PASS" starttime="20220914 10:46:22.065" endtime="20220914 10:46:22.339"/>
</kw>
<kw name="Log To Console" library="BuiltIn">
<arg>${list_names}</arg>
<doc>Logs the given message to the console.</doc>
<status status="PASS" starttime="20220914 10:46:22.339" endtime="20220914 10:46:22.342"/>
</kw>
<kw name="Exit For Loop If" library="BuiltIn">
<arg>"${list_names}" == "${tablet}"</arg>
<doc>Stops executing the enclosing FOR loop if the ``condition`` is true.</doc>
<status status="PASS" starttime="20220914 10:46:22.343" endtime="20220914 10:46:22.345"/>
</kw>
<status status="PASS" starttime="20220914 10:46:22.029" endtime="20220914 10:46:22.345"/>
</iter>
<iter>
<var name="${i}">4</var>
<kw name="Get Text" library="SeleniumLibrary">
<var>${list_names}</var>
<arg>xpath=//*[@class="_3XS_gI _7qr1OC"]/a[${i}]</arg>
<doc>Returns the text value of the element identified by ``locator``.</doc>
<msg timestamp="20220914 10:46:22.384" level="INFO">${list_names} = Computer Peripherals</msg>
<status status="PASS" starttime="20220914 10:46:22.346" endtime="20220914 10:46:22.384"/>
</kw>
<kw name="Scroll Element Into View" library="SeleniumLibrary">
<arg>xpath=//*[@class="_3XS_gI _7qr1OC"]/a[14]</arg>
<doc>Scrolls the element identified by ``locator`` into view.</doc>
<status status="PASS" starttime="20220914 10:46:22.384" endtime="20220914 10:46:22.665"/>
</kw>
<kw name="Log To Console" library="BuiltIn">
<arg>${list_names}</arg>
<doc>Logs the given message to the console.</doc>
<status status="PASS" starttime="20220914 10:46:22.665" endtime="20220914 10:46:22.666"/>
</kw>
<kw name="Exit For Loop If" library="BuiltIn">
<arg>"${list_names}" == "${tablet}"</arg>
<doc>Stops executing the enclosing FOR loop if the ``condition`` is true.</doc>
<status status="PASS" starttime="20220914 10:46:22.666" endtime="20220914 10:46:22.667"/>
</kw>
<status status="PASS" starttime="20220914 10:46:22.345" endtime="20220914 10:46:22.667"/>
</iter>
<iter>
<var name="${i}">5</var>
<kw name="Get Text" library="SeleniumLibrary">
<var>${list_names}</var>
<arg>xpath=//*[@class="_3XS_gI _7qr1OC"]/a[${i}]</arg>
<doc>Returns the text value of the element identified by ``locator``.</doc>
<msg timestamp="20220914 10:46:22.698" level="INFO">${list_names} = Gaming</msg>
<status status="PASS" starttime="20220914 10:46:22.667" endtime="20220914 10:46:22.698"/>
</kw>
<kw name="Scroll Element Into View" library="SeleniumLibrary">
<arg>xpath=//*[@class="_3XS_gI _7qr1OC"]/a[14]</arg>
<doc>Scrolls the element identified by ``locator`` into view.</doc>
<status status="PASS" starttime="20220914 10:46:22.698" endtime="20220914 10:46:22.978"/>
</kw>
<kw name="Log To Console" library="BuiltIn">
<arg>${list_names}</arg>
<doc>Logs the given message to the console.</doc>
<status status="PASS" starttime="20220914 10:46:22.978" endtime="20220914 10:46:22.979"/>
</kw>
<kw name="Exit For Loop If" library="BuiltIn">
<arg>"${list_names}" == "${tablet}"</arg>
<doc>Stops executing the enclosing FOR loop if the ``condition`` is true.</doc>
<status status="PASS" starttime="20220914 10:46:22.979" endtime="20220914 10:46:22.980"/>
</kw>
<status status="PASS" starttime="20220914 10:46:22.667" endtime="20220914 10:46:22.980"/>
</iter>
<iter>
<var name="${i}">6</var>
<kw name="Get Text" library="SeleniumLibrary">
<var>${list_names}</var>
<arg>xpath=//*[@class="_3XS_gI _7qr1OC"]/a[${i}]</arg>
<doc>Returns the text value of the element identified by ``locator``.</doc>
<msg timestamp="20220914 10:46:23.014" level="INFO">${list_names} = Health &amp; Personal Care</msg>
<status status="PASS" starttime="20220914 10:46:22.980" endtime="20220914 10:46:23.014"/>
</kw>
<kw name="Scroll Element Into View" library="SeleniumLibrary">
<arg>xpath=//*[@class="_3XS_gI _7qr1OC"]/a[14]</arg>
<doc>Scrolls the element identified by ``locator`` into view.</doc>
<status status="PASS" starttime="20220914 10:46:23.014" endtime="20220914 10:46:23.298"/>
</kw>
<kw name="Log To Console" library="BuiltIn">
<arg>${list_names}</arg>
<doc>Logs the given message to the console.</doc>
<status status="PASS" starttime="20220914 10:46:23.299" endtime="20220914 10:46:23.300"/>
</kw>
<kw name="Exit For Loop If" library="BuiltIn">
<arg>"${list_names}" == "${tablet}"</arg>
<doc>Stops executing the enclosing FOR loop if the ``condition`` is true.</doc>
<status status="PASS" starttime="20220914 10:46:23.300" endtime="20220914 10:46:23.302"/>
</kw>
<status status="PASS" starttime="20220914 10:46:22.980" endtime="20220914 10:46:23.302"/>
</iter>
<iter>
<var name="${i}">7</var>
<kw name="Get Text" library="SeleniumLibrary">
<var>${list_names}</var>
<arg>xpath=//*[@class="_3XS_gI _7qr1OC"]/a[${i}]</arg>
<doc>Returns the text value of the element identified by ``locator``.</doc>
<msg timestamp="20220914 10:46:23.336" level="INFO">${list_names} = Laptop Accessories</msg>
<status status="PASS" starttime="20220914 10:46:23.302" endtime="20220914 10:46:23.336"/>
</kw>
<kw name="Scroll Element Into View" library="SeleniumLibrary">
<arg>xpath=//*[@class="_3XS_gI _7qr1OC"]/a[14]</arg>
<doc>Scrolls the element identified by ``locator`` into view.</doc>
<status status="PASS" starttime="20220914 10:46:23.336" endtime="20220914 10:46:23.616"/>
</kw>
<kw name="Log To Console" library="BuiltIn">
<arg>${list_names}</arg>
<doc>Logs the given message to the console.</doc>
<status status="PASS" starttime="20220914 10:46:23.617" endtime="20220914 10:46:23.617"/>
</kw>
<kw name="Exit For Loop If" library="BuiltIn">
<arg>"${list_names}" == "${tablet}"</arg>
<doc>Stops executing the enclosing FOR loop if the ``condition`` is true.</doc>
<status status="PASS" starttime="20220914 10:46:23.617" endtime="20220914 10:46:23.618"/>
</kw>
<status status="PASS" starttime="20220914 10:46:23.302" endtime="20220914 10:46:23.618"/>
</iter>
<iter>
<var name="${i}">8</var>
<kw name="Get Text" library="SeleniumLibrary">
<var>${list_names}</var>
<arg>xpath=//*[@class="_3XS_gI _7qr1OC"]/a[${i}]</arg>
<doc>Returns the text value of the element identified by ``locator``.</doc>
<msg timestamp="20220914 10:46:23.651" level="INFO">${list_names} = Laptop and Desktop</msg>
<status status="PASS" starttime="20220914 10:46:23.618" endtime="20220914 10:46:23.651"/>
</kw>
<kw name="Scroll Element Into View" library="SeleniumLibrary">
<arg>xpath=//*[@class="_3XS_gI _7qr1OC"]/a[14]</arg>
<doc>Scrolls the element identified by ``locator`` into view.</doc>
<status status="PASS" starttime="20220914 10:46:23.652" endtime="20220914 10:46:23.943"/>
</kw>
<kw name="Log To Console" library="BuiltIn">
<arg>${list_names}</arg>
<doc>Logs the given message to the console.</doc>
<status status="PASS" starttime="20220914 10:46:23.943" endtime="20220914 10:46:23.944"/>
</kw>
<kw name="Exit For Loop If" library="BuiltIn">
<arg>"${list_names}" == "${tablet}"</arg>
<doc>Stops executing the enclosing FOR loop if the ``condition`` is true.</doc>
<status status="PASS" starttime="20220914 10:46:23.944" endtime="20220914 10:46:23.946"/>
</kw>
<status status="PASS" starttime="20220914 10:46:23.618" endtime="20220914 10:46:23.946"/>
</iter>
<iter>
<var name="${i}">9</var>
<kw name="Get Text" library="SeleniumLibrary">
<var>${list_names}</var>
<arg>xpath=//*[@class="_3XS_gI _7qr1OC"]/a[${i}]</arg>
<doc>Returns the text value of the element identified by ``locator``.</doc>
<msg timestamp="20220914 10:46:23.985" level="INFO">${list_names} = MobileAccessory</msg>
<status status="PASS" starttime="20220914 10:46:23.947" endtime="20220914 10:46:23.985"/>
</kw>
<kw name="Scroll Element Into View" library="SeleniumLibrary">
<arg>xpath=//*[@class="_3XS_gI _7qr1OC"]/a[14]</arg>
<doc>Scrolls the element identified by ``locator`` into view.</doc>
<status status="PASS" starttime="20220914 10:46:23.985" endtime="20220914 10:46:24.256"/>
</kw>
<kw name="Log To Console" library="BuiltIn">
<arg>${list_names}</arg>
<doc>Logs the given message to the console.</doc>
<status status="PASS" starttime="20220914 10:46:24.256" endtime="20220914 10:46:24.257"/>
</kw>
<kw name="Exit For Loop If" library="BuiltIn">
<arg>"${list_names}" == "${tablet}"</arg>
<doc>Stops executing the enclosing FOR loop if the ``condition`` is true.</doc>
<status status="PASS" starttime="20220914 10:46:24.257" endtime="20220914 10:46:24.258"/>
</kw>
<status status="PASS" starttime="20220914 10:46:23.946" endtime="20220914 10:46:24.258"/>
</iter>
<iter>
<var name="${i}">10</var>
<kw name="Get Text" library="SeleniumLibrary">
<var>${list_names}</var>
<arg>xpath=//*[@class="_3XS_gI _7qr1OC"]/a[${i}]</arg>
<doc>Returns the text value of the element identified by ``locator``.</doc>
<msg timestamp="20220914 10:46:24.293" level="INFO">${list_names} = Powerbank</msg>
<status status="PASS" starttime="20220914 10:46:24.258" endtime="20220914 10:46:24.293"/>
</kw>
<kw name="Scroll Element Into View" library="SeleniumLibrary">
<arg>xpath=//*[@class="_3XS_gI _7qr1OC"]/a[14]</arg>
<doc>Scrolls the element identified by ``locator`` into view.</doc>
<status status="PASS" starttime="20220914 10:46:24.293" endtime="20220914 10:46:24.573"/>
</kw>
<kw name="Log To Console" library="BuiltIn">
<arg>${list_names}</arg>
<doc>Logs the given message to the console.</doc>
<status status="PASS" starttime="20220914 10:46:24.574" endtime="20220914 10:46:24.575"/>
</kw>
<kw name="Exit For Loop If" library="BuiltIn">
<arg>"${list_names}" == "${tablet}"</arg>
<doc>Stops executing the enclosing FOR loop if the ``condition`` is true.</doc>
<status status="PASS" starttime="20220914 10:46:24.576" endtime="20220914 10:46:24.579"/>
</kw>
<status status="PASS" starttime="20220914 10:46:24.258" endtime="20220914 10:46:24.579"/>
</iter>
<iter>
<var name="${i}">11</var>
<kw name="Get Text" library="SeleniumLibrary">
<var>${list_names}</var>
<arg>xpath=//*[@class="_3XS_gI _7qr1OC"]/a[${i}]</arg>
<doc>Returns the text value of the element identified by ``locator``.</doc>
<msg timestamp="20220914 10:46:24.636" level="INFO">${list_names} = Smart Home automation</msg>
<status status="PASS" starttime="20220914 10:46:24.579" endtime="20220914 10:46:24.636"/>
</kw>
<kw name="Scroll Element Into View" library="SeleniumLibrary">
<arg>xpath=//*[@class="_3XS_gI _7qr1OC"]/a[14]</arg>
<doc>Scrolls the element identified by ``locator`` into view.</doc>
<status status="PASS" starttime="20220914 10:46:24.636" endtime="20220914 10:46:24.917"/>
</kw>
<kw name="Log To Console" library="BuiltIn">
<arg>${list_names}</arg>
<doc>Logs the given message to the console.</doc>
<status status="PASS" starttime="20220914 10:46:24.918" endtime="20220914 10:46:24.919"/>
</kw>
<kw name="Exit For Loop If" library="BuiltIn">
<arg>"${list_names}" == "${tablet}"</arg>
<doc>Stops executing the enclosing FOR loop if the ``condition`` is true.</doc>
<status status="PASS" starttime="20220914 10:46:24.920" endtime="20220914 10:46:24.922"/>
</kw>
<status status="PASS" starttime="20220914 10:46:24.579" endtime="20220914 10:46:24.923"/>
</iter>
<iter>
<var name="${i}">12</var>
<kw name="Get Text" library="SeleniumLibrary">
<var>${list_names}</var>
<arg>xpath=//*[@class="_3XS_gI _7qr1OC"]/a[${i}]</arg>
<doc>Returns the text value of the element identified by ``locator``.</doc>
<msg timestamp="20220914 10:46:24.964" level="INFO">${list_names} = Smart Wearables</msg>
<status status="PASS" starttime="20220914 10:46:24.924" endtime="20220914 10:46:24.964"/>
</kw>
<kw name="Scroll Element Into View" library="SeleniumLibrary">
<arg>xpath=//*[@class="_3XS_gI _7qr1OC"]/a[14]</arg>
<doc>Scrolls the element identified by ``locator`` into view.</doc>
<status status="PASS" starttime="20220914 10:46:24.964" endtime="20220914 10:46:25.242"/>
</kw>
<kw name="Log To Console" library="BuiltIn">
<arg>${list_names}</arg>
<doc>Logs the given message to the console.</doc>
<status status="PASS" starttime="20220914 10:46:25.243" endtime="20220914 10:46:25.244"/>
</kw>
<kw name="Exit For Loop If" library="BuiltIn">
<arg>"${list_names}" == "${tablet}"</arg>
<doc>Stops executing the enclosing FOR loop if the ``condition`` is true.</doc>
<status status="PASS" starttime="20220914 10:46:25.245" endtime="20220914 10:46:25.246"/>
</kw>
<status status="PASS" starttime="20220914 10:46:24.923" endtime="20220914 10:46:25.246"/>
</iter>
<iter>
<var name="${i}">13</var>
<kw name="Get Text" library="SeleniumLibrary">
<var>${list_names}</var>
<arg>xpath=//*[@class="_3XS_gI _7qr1OC"]/a[${i}]</arg>
<doc>Returns the text value of the element identified by ``locator``.</doc>
<msg timestamp="20220914 10:46:25.280" level="INFO">${list_names} = Storage</msg>
<status status="PASS" starttime="20220914 10:46:25.247" endtime="20220914 10:46:25.280"/>
</kw>
<kw name="Scroll Element Into View" library="SeleniumLibrary">
<arg>xpath=//*[@class="_3XS_gI _7qr1OC"]/a[14]</arg>
<doc>Scrolls the element identified by ``locator`` into view.</doc>
<status status="PASS" starttime="20220914 10:46:25.280" endtime="20220914 10:46:25.559"/>
</kw>
<kw name="Log To Console" library="BuiltIn">
<arg>${list_names}</arg>
<doc>Logs the given message to the console.</doc>
<status status="PASS" starttime="20220914 10:46:25.560" endtime="20220914 10:46:25.561"/>
</kw>
<kw name="Exit For Loop If" library="BuiltIn">
<arg>"${list_names}" == "${tablet}"</arg>
<doc>Stops executing the enclosing FOR loop if the ``condition`` is true.</doc>
<status status="PASS" starttime="20220914 10:46:25.561" endtime="20220914 10:46:25.562"/>
</kw>
<status status="PASS" starttime="20220914 10:46:25.246" endtime="20220914 10:46:25.562"/>
</iter>
<status status="PASS" starttime="20220914 10:46:21.381" endtime="20220914 10:46:25.562"/>
</for>
<kw name="Mouse Over" library="SeleniumLibrary">
<arg>xpath=//*[@class="_3XS_gI _7qr1OC"]/a[14]</arg>
<doc>Simulates hovering the mouse over the element ``locator``.</doc>
<msg timestamp="20220914 10:46:25.563" level="INFO">Simulating Mouse Over on element 'xpath=//*[@class="_3XS_gI _7qr1OC"]/a[14]'.</msg>
<status status="PASS" starttime="20220914 10:46:25.562" endtime="20220914 10:46:25.834"/>
</kw>
<kw name="Get Text" library="SeleniumLibrary">
<var>${Click Element}</var>
<arg>${all}</arg>
<doc>Returns the text value of the element identified by ``locator``.</doc>
<msg timestamp="20220914 10:46:25.872" level="INFO">${Click Element} = Tablets Without Call Facility</msg>
<status status="PASS" starttime="20220914 10:46:25.834" endtime="20220914 10:46:25.872"/>
</kw>
<kw name="Log To Console" library="BuiltIn">
<arg>${Click Element}</arg>
<doc>Logs the given message to the console.</doc>
<status status="PASS" starttime="20220914 10:46:25.872" endtime="20220914 10:46:25.873"/>
</kw>
<kw name="Click Element" library="SeleniumLibrary">
<arg>${all}</arg>
<doc>Click the element identified by ``locator``.</doc>
<msg timestamp="20220914 10:46:25.873" level="INFO">Clicking element 'xpath=//*[@class="_3XS_gI"]/a[3]'.</msg>
<status status="PASS" starttime="20220914 10:46:25.873" endtime="20220914 10:46:25.949"/>
</kw>
<status status="PASS" starttime="20220914 10:46:18.353" endtime="20220914 10:46:25.949"/>
</kw>
<kw name="Do not select first 5 mobiles from the list.Try scrolling and search for the mobile" library="keywords">
<kw name="Click Element" library="SeleniumLibrary">
<arg>${somewhere}</arg>
<doc>Click the element identified by ``locator``.</doc>
<msg timestamp="20220914 10:46:25.951" level="INFO">Clicking element 'xpath=//*[@class="L0Z3Pu"]'.</msg>
<status status="PASS" starttime="20220914 10:46:25.951" endtime="20220914 10:46:26.119"/>
</kw>
<kw name="Execute Javascript" library="SeleniumLibrary">
<arg>window.scrollTo(0,3000)</arg>
<doc>Executes the given JavaScript code with possible arguments.</doc>
<msg timestamp="20220914 10:46:26.120" level="INFO">Executing JavaScript:
window.scrollTo(0,3000)
Without any arguments.</msg>
<status status="PASS" starttime="20220914 10:46:26.120" endtime="20220914 10:46:26.129"/>
</kw>
<kw name="Sleep" library="BuiltIn">
<arg>3s</arg>
<doc>Pauses the test executed for the given time.</doc>
<msg timestamp="20220914 10:46:29.137" level="INFO">Slept 3 seconds</msg>
<status status="PASS" starttime="20220914 10:46:26.129" endtime="20220914 10:46:29.137"/>
</kw>
<kw name="Execute Javascript" library="SeleniumLibrary">
<arg>window.scrollTo(0,1000)</arg>
<doc>Executes the given JavaScript code with possible arguments.</doc>
<msg timestamp="20220914 10:46:29.138" level="INFO">Executing JavaScript:
window.scrollTo(0,1000)
Without any arguments.</msg>
<status status="PASS" starttime="20220914 10:46:29.137" endtime="20220914 10:46:29.152"/>
</kw>
<kw name="Sleep" library="BuiltIn">
<arg>3s</arg>
<doc>Pauses the test executed for the given time.</doc>
<msg timestamp="20220914 10:46:32.154" level="INFO">Slept 3 seconds</msg>
<status status="PASS" starttime="20220914 10:46:29.153" endtime="20220914 10:46:32.154"/>
</kw>
<kw name="Execute Javascript" library="SeleniumLibrary">
<arg>window.scrollTo(0,1500)</arg>
<doc>Executes the given JavaScript code with possible arguments.</doc>
<msg timestamp="20220914 10:46:32.155" level="INFO">Executing JavaScript:
window.scrollTo(0,1500)
Without any arguments.</msg>
<status status="PASS" starttime="20220914 10:46:32.154" endtime="20220914 10:46:32.165"/>
</kw>
<kw name="Sleep" library="BuiltIn">
<arg>10s</arg>
<doc>Pauses the test executed for the given time.</doc>
<msg timestamp="20220914 10:46:42.169" level="INFO">Slept 10 seconds</msg>
<status status="PASS" starttime="20220914 10:46:32.165" endtime="20220914 10:46:42.169"/>
</kw>
<status status="PASS" starttime="20220914 10:46:25.950" endtime="20220914 10:46:42.169"/>
</kw>
<kw name="go to that specific mobile’s details page." library="keywords">
<kw name="Click Element" library="SeleniumLibrary">
<arg>${lap}</arg>
<doc>Click the element identified by ``locator``.</doc>
<msg timestamp="20220914 10:46:42.172" level="INFO">Clicking element 'xpath=/html/body/div[1]/div/div[3]/div[1]/div[2]/div[7]/div/div/div/a/div[2]/div[1]/div[1]'.</msg>
<status status="PASS" starttime="20220914 10:46:42.171" endtime="20220914 10:46:42.276"/>
</kw>
<kw name="Get Window Handles" library="SeleniumLibrary">
<var>${handles}</var>
<doc>Returns all child window handles of the selected browser as a list.</doc>
<msg timestamp="20220914 10:46:42.280" level="INFO">${handles} = ['CDwindow-76BBC2A752E92F0181CB5BC86AF7187D', 'CDwindow-153DD82F6ED8FE0E5D374E21BA0A364A']</msg>
<status status="PASS" starttime="20220914 10:46:42.276" endtime="20220914 10:46:42.280"/>
</kw>
<kw name="Switch Window" library="SeleniumLibrary">
<arg>${handles}[1]</arg>
<doc>Switches to browser window matching ``locator``.</doc>
<status status="PASS" starttime="20220914 10:46:42.281" endtime="20220914 10:46:42.346"/>
</kw>
<kw name="Get Title" library="SeleniumLibrary">
<var>${title}</var>
<doc>Returns the title of the current page.</doc>
<msg timestamp="20220914 10:46:45.853" level="INFO">${title} = realme Pad Mini 3 GB RAM 32 GB ROM 8.7 inch with Wi-Fi+4G Tablet (Blue) Price in India - Buy realme Pad Mini 3 GB RAM 32 GB ROM 8.7 inch with Wi-Fi+4G Tablet (Blue) Blue 32 Online - realme : Flipkart....</msg>
<status status="PASS" starttime="20220914 10:46:42.346" endtime="20220914 10:46:45.853"/>
</kw>
<kw name="Log To Console" library="BuiltIn">
<arg>${title}</arg>
<doc>Logs the given message to the console.</doc>
<status status="PASS" starttime="20220914 10:46:45.853" endtime="20220914 10:46:45.854"/>
</kw>
<kw name="Get Text" library="SeleniumLibrary">
<var>${prod1}</var>
<arg>xpath=/html/body/div[1]/div/div[3]/div[1]/div[2]/div[2]/div/div[1]/h1/span</arg>
<doc>Returns the text value of the element identified by ``locator``.</doc>
<msg timestamp="20220914 10:46:45.893" level="INFO">${prod1} = realme Pad Mini 3 GB RAM 32 GB ROM 8.7 inch with Wi-Fi+4G Tablet (Blue)</msg>
<status status="PASS" starttime="20220914 10:46:45.854" endtime="20220914 10:46:45.893"/>
</kw>
<kw name="Log To Console" library="BuiltIn">
<arg>${prod1}</arg>
<doc>Logs the given message to the console.</doc>
<status status="PASS" starttime="20220914 10:46:45.893" endtime="20220914 10:46:45.894"/>
</kw>
<kw name="Sleep" library="BuiltIn">
<arg>10s</arg>
<doc>Pauses the test executed for the given time.</doc>
<msg timestamp="20220914 10:46:55.901" level="INFO">Slept 10 seconds</msg>
<status status="PASS" starttime="20220914 10:46:45.894" endtime="20220914 10:46:55.901"/>
</kw>
<kw name="Execute Javascript" library="SeleniumLibrary">
<arg>window.scrollTo(0,1000)</arg>
<doc>Executes the given JavaScript code with possible arguments.</doc>
<msg timestamp="20220914 10:46:55.901" level="INFO">Executing JavaScript:
window.scrollTo(0,1000)
Without any arguments.</msg>
<status status="PASS" starttime="20220914 10:46:55.901" endtime="20220914 10:46:55.919"/>
</kw>
<kw name="Sleep" library="BuiltIn">
<arg>4s</arg>
<doc>Pauses the test executed for the given time.</doc>
<msg timestamp="20220914 10:46:59.923" level="INFO">Slept 4 seconds</msg>
<status status="PASS" starttime="20220914 10:46:55.920" endtime="20220914 10:46:59.924"/>
</kw>
<kw name="Click Element" library="SeleniumLibrary">
<arg>${addtocart}</arg>
<doc>Click the element identified by ``locator``.</doc>
<msg timestamp="20220914 10:46:59.925" level="INFO">Clicking element 'xpath=/html/body/div[1]/div/div[3]/div[1]/div[1]/div[2]/div/ul/li[1]/button'.</msg>
<status status="PASS" starttime="20220914 10:46:59.924" endtime="20220914 10:47:00.021"/>
</kw>
<kw name="Get Window Handles" library="SeleniumLibrary">
<var>${handles}</var>
<doc>Returns all child window handles of the selected browser as a list.</doc>
<msg timestamp="20220914 10:47:00.024" level="INFO">${handles} = ['CDwindow-76BBC2A752E92F0181CB5BC86AF7187D', 'CDwindow-153DD82F6ED8FE0E5D374E21BA0A364A']</msg>
<status status="PASS" starttime="20220914 10:47:00.021" endtime="20220914 10:47:00.024"/>
</kw>
<kw name="Switch Window" library="SeleniumLibrary">
<arg>${handles}[0]</arg>
<doc>Switches to browser window matching ``locator``.</doc>
<status status="PASS" starttime="20220914 10:47:00.024" endtime="20220914 10:47:00.048"/>
</kw>
<kw name="Sleep" library="BuiltIn">
<arg>4s</arg>
<doc>Pauses the test executed for the given time.</doc>
<msg timestamp="20220914 10:47:04.050" level="INFO">Slept 4 seconds</msg>
<status status="PASS" starttime="20220914 10:47:00.048" endtime="20220914 10:47:04.050"/>
</kw>
<kw name="Click Element" library="SeleniumLibrary">
<arg>${cart}</arg>
<doc>Click the element identified by ``locator``.</doc>
<msg timestamp="20220914 10:47:04.050" level="INFO">Clicking element 'xpath=//*[@id="container"]/div/div[1]/div[1]/div[2]/div[6]/div/div'.</msg>
<status status="PASS" starttime="20220914 10:47:04.050" endtime="20220914 10:47:04.103"/>
</kw>
<kw name="Sleep" library="BuiltIn">
<arg>5s</arg>
<doc>Pauses the test executed for the given time.</doc>
<msg timestamp="20220914 10:47:09.109" level="INFO">Slept 5 seconds</msg>
<status status="PASS" starttime="20220914 10:47:04.103" endtime="20220914 10:47:09.109"/>
</kw>
<kw name="Get Text" library="SeleniumLibrary">
<var>${cart_mob}</var>
<arg>xpath=/html/body/div[1]/div/div[2]/div/div/div[1]/div/div[3]/div/div[1]/div[1]/div[1]/a</arg>
<doc>Returns the text value of the element identified by ``locator``.</doc>
<msg timestamp="20220914 10:47:09.163" level="INFO">${cart_mob} = realme Pad Mini 3 GB RAM 32 GB ROM 8.7 inch with Wi-Fi+4G Tablet (Blue)</msg>
<status status="PASS" starttime="20220914 10:47:09.110" endtime="20220914 10:47:09.163"/>
</kw>
<kw name="Log To Console" library="BuiltIn">
<arg>${cart_mob}</arg>
<doc>Logs the given message to the console.</doc>
<status status="PASS" starttime="20220914 10:47:09.163" endtime="20220914 10:47:09.165"/>
</kw>
<if>
<branch type="IF" condition="&quot;${prod1}&quot; == &quot;${cart_mob}&quot;">
<kw name="Log To Console" library="BuiltIn">
<arg>IT IS UR MOBILE</arg>
<doc>Logs the given message to the console.</doc>
<status status="PASS" starttime="20220914 10:47:09.165" endtime="20220914 10:47:09.167"/>
</kw>
<status status="PASS" starttime="20220914 10:47:09.165" endtime="20220914 10:47:09.167"/>
</branch>
<status status="PASS" starttime="20220914 10:47:09.165" endtime="20220914 10:47:09.167"/>
</if>
<status status="PASS" starttime="20220914 10:46:42.170" endtime="20220914 10:47:09.167"/>
</kw>
<status status="PASS" starttime="20220914 10:46:06.721" endtime="20220914 10:47:09.168"/>
</test>
<status status="PASS" starttime="20220914 10:46:06.395" endtime="20220914 10:47:09.171"/>
</suite>
<statistics>
<total>
<stat pass="1" fail="0" skip="0">All Tests</stat>
</total>
<tag>
</tag>
<suite>
<stat pass="1" fail="0" skip="0" id="s1" name="Test">Test</stat>
</suite>
</statistics>
<errors>
</errors>
</robot>
